running egg_info
creating ../../build/unity_translator/unity_translator.egg-info
writing ../../build/unity_translator/unity_translator.egg-info/PKG-INFO
writing dependency_links to ../../build/unity_translator/unity_translator.egg-info/dependency_links.txt
writing requirements to ../../build/unity_translator/unity_translator.egg-info/requires.txt
writing top-level names to ../../build/unity_translator/unity_translator.egg-info/top_level.txt
writing manifest file '../../build/unity_translator/unity_translator.egg-info/SOURCES.txt'
reading manifest file '../../build/unity_translator/unity_translator.egg-info/SOURCES.txt'
writing manifest file '../../build/unity_translator/unity_translator.egg-info/SOURCES.txt'
running build
running build_py
creating /home/user/workspace/lidar_translator/build/unity_translator/build
creating /home/user/workspace/lidar_translator/build/unity_translator/build/lib
creating /home/user/workspace/lidar_translator/build/unity_translator/build/lib/unity_translator
copying unity_translator/__init__.py -> /home/user/workspace/lidar_translator/build/unity_translator/build/lib/unity_translator
running install
running install_lib
creating /home/user/workspace/lidar_translator/install/unity_translator/lib/python3.10/site-packages/unity_translator
copying /home/user/workspace/lidar_translator/build/unity_translator/build/lib/unity_translator/__init__.py -> /home/user/workspace/lidar_translator/install/unity_translator/lib/python3.10/site-packages/unity_translator
byte-compiling /home/user/workspace/lidar_translator/install/unity_translator/lib/python3.10/site-packages/unity_translator/__init__.py to __init__.cpython-310.pyc
running install_data
creating /home/user/workspace/lidar_translator/install/unity_translator/share/ament_index
creating /home/user/workspace/lidar_translator/install/unity_translator/share/ament_index/resource_index
creating /home/user/workspace/lidar_translator/install/unity_translator/share/ament_index/resource_index/packages
copying resource/unity_translator -> /home/user/workspace/lidar_translator/install/unity_translator/share/ament_index/resource_index/packages
copying package.xml -> /home/user/workspace/lidar_translator/install/unity_translator/share/unity_translator
running install_egg_info
Copying ../../build/unity_translator/unity_translator.egg-info to /home/user/workspace/lidar_translator/install/unity_translator/lib/python3.10/site-packages/unity_translator-0.0.0-py3.10.egg-info
running install_scripts
writing list of installed files to '/home/user/workspace/lidar_translator/build/unity_translator/install.log'
