[1.013s] Invoking command in '/home/user/workspace/lidar_translator/src/unity_translator': PYTHONPATH=/home/user/workspace/lidar_translator/build/unity_translator/prefix_override:/usr/lib/python3/dist-packages/colcon_core/task/python/colcon_distutils_commands:/home/user/workspace/lidar_translator/install/unity_translator/lib/python3.10/site-packages:${PYTHONPATH} /usr/bin/python3 -W ignore:setup.py install is deprecated setup.py egg_info --egg-base ../../build/unity_translator build --build-base /home/user/workspace/lidar_translator/build/unity_translator/build install --record /home/user/workspace/lidar_translator/build/unity_translator/install.log --single-version-externally-managed install_data
[1.196s] running egg_info
[1.196s] creating ../../build/unity_translator/unity_translator.egg-info
[1.206s] writing ../../build/unity_translator/unity_translator.egg-info/PKG-INFO
[1.207s] writing dependency_links to ../../build/unity_translator/unity_translator.egg-info/dependency_links.txt
[1.207s] writing requirements to ../../build/unity_translator/unity_translator.egg-info/requires.txt
[1.207s] writing top-level names to ../../build/unity_translator/unity_translator.egg-info/top_level.txt
[1.207s] writing manifest file '../../build/unity_translator/unity_translator.egg-info/SOURCES.txt'
[1.261s] [2;36m[10/08/24 14:07:50][0m[2;36m [0m[1;31mERROR   [0m listing git files failed - pretending there aren't any                            ]8;id=556580;file:///home/user/.local/lib/python3.10/site-packages/setuptools_scm/_file_finders/git.py\[2mgit.py[0m]8;;\[2m:[0m]8;id=751673;file:///home/user/.local/lib/python3.10/site-packages/setuptools_scm/_file_finders/git.py#26\[2m26[0m]8;;\
[1.367s] reading manifest file '../../build/unity_translator/unity_translator.egg-info/SOURCES.txt'
[1.368s] writing manifest file '../../build/unity_translator/unity_translator.egg-info/SOURCES.txt'
[1.368s] running build
[1.368s] running build_py
[1.368s] creating /home/user/workspace/lidar_translator/build/unity_translator/build
[1.368s] creating /home/user/workspace/lidar_translator/build/unity_translator/build/lib
[1.368s] creating /home/user/workspace/lidar_translator/build/unity_translator/build/lib/unity_translator
[1.368s] copying unity_translator/__init__.py -> /home/user/workspace/lidar_translator/build/unity_translator/build/lib/unity_translator
[1.369s] running install
[1.372s] running install_lib
[1.383s] creating /home/user/workspace/lidar_translator/install/unity_translator/lib/python3.10/site-packages/unity_translator
[1.383s] copying /home/user/workspace/lidar_translator/build/unity_translator/build/lib/unity_translator/__init__.py -> /home/user/workspace/lidar_translator/install/unity_translator/lib/python3.10/site-packages/unity_translator
[1.383s] byte-compiling /home/user/workspace/lidar_translator/install/unity_translator/lib/python3.10/site-packages/unity_translator/__init__.py to __init__.cpython-310.pyc
[1.384s] running install_data
[1.384s] creating /home/user/workspace/lidar_translator/install/unity_translator/share/ament_index
[1.384s] creating /home/user/workspace/lidar_translator/install/unity_translator/share/ament_index/resource_index
[1.384s] creating /home/user/workspace/lidar_translator/install/unity_translator/share/ament_index/resource_index/packages
[1.385s] copying resource/unity_translator -> /home/user/workspace/lidar_translator/install/unity_translator/share/ament_index/resource_index/packages
[1.385s] copying package.xml -> /home/user/workspace/lidar_translator/install/unity_translator/share/unity_translator
[1.385s] running install_egg_info
[1.398s] Copying ../../build/unity_translator/unity_translator.egg-info to /home/user/workspace/lidar_translator/install/unity_translator/lib/python3.10/site-packages/unity_translator-0.0.0-py3.10.egg-info
[1.399s] running install_scripts
[1.505s] writing list of installed files to '/home/user/workspace/lidar_translator/build/unity_translator/install.log'
[1.530s] Invoked command in '/home/user/workspace/lidar_translator/src/unity_translator' returned '0': PYTHONPATH=/home/user/workspace/lidar_translator/build/unity_translator/prefix_override:/usr/lib/python3/dist-packages/colcon_core/task/python/colcon_distutils_commands:/home/user/workspace/lidar_translator/install/unity_translator/lib/python3.10/site-packages:${PYTHONPATH} /usr/bin/python3 -W ignore:setup.py install is deprecated setup.py egg_info --egg-base ../../build/unity_translator build --build-base /home/user/workspace/lidar_translator/build/unity_translator/build install --record /home/user/workspace/lidar_translator/build/unity_translator/install.log --single-version-externally-managed install_data
