[0.732s] DEBUG:colcon:Command line arguments: ['/usr/bin/colcon', 'list', '-p', '--base-paths', '/home/user/workspace/lidar_translator']
[0.732s] DEBUG:colcon:Parsed command line arguments: Namespace(log_base=None, log_level=None, verb_name='list', build_base='build', ignore_user_meta=False, metas=['./colcon.meta'], base_paths=['/home/user/workspace/lidar_translator'], packages_ignore=None, packages_ignore_regex=None, paths=None, packages_up_to=None, packages_up_to_regex=None, packages_above=None, packages_above_and_dependencies=None, packages_above_depth=None, packages_select_by_dep=None, packages_skip_by_dep=None, packages_skip_up_to=None, packages_select_build_failed=False, packages_skip_build_finished=False, packages_select_test_failures=False, packages_skip_test_passed=False, packages_select=None, packages_skip=None, packages_select_regex=None, packages_skip_regex=None, packages_start=None, packages_end=None, allow_overriding=[], topological_order=False, names_only=False, paths_only=True, topological_graph=False, topological_graph_dot=False, topological_graph_density=False, topological_graph_legend=False, topological_graph_dot_cluster=False, topological_graph_dot_include_skipped=False, mixin_files=None, mixin=None, verb_parser=<colcon_mixin.mixin.mixin_argument.MixinArgumentDecorator object at 0x7f9ad8d76770>, verb_extension=<colcon_package_information.verb.list.ListVerb object at 0x7f9ad8d75600>, main=<bound method ListVerb.main of <colcon_package_information.verb.list.ListVerb object at 0x7f9ad8d75600>>, mixin_verb=('list',))
[0.765s] Level 1:colcon.colcon_core.package_discovery:discover_packages(colcon_meta) check parameters
[0.765s] Level 1:colcon.colcon_core.package_discovery:discover_packages(recursive) check parameters
[0.765s] Level 1:colcon.colcon_core.package_discovery:discover_packages(ignore) check parameters
[0.765s] Level 1:colcon.colcon_core.package_discovery:discover_packages(path) check parameters
[0.765s] Level 1:colcon.colcon_core.package_discovery:discover_packages(recursive) discover
[0.765s] INFO:colcon.colcon_core.package_discovery:Crawling recursively for packages in '/home/user/workspace/lidar_translator'
[0.766s] Level 1:colcon.colcon_core.package_identification:_identify(/home/user/workspace/lidar_translator) by extensions ['ignore', 'ignore_ament_install']
[0.766s] Level 1:colcon.colcon_core.package_identification:_identify(/home/user/workspace/lidar_translator) by extension 'ignore'
[0.766s] Level 1:colcon.colcon_core.package_identification:_identify(/home/user/workspace/lidar_translator) by extension 'ignore_ament_install'
[0.766s] Level 1:colcon.colcon_core.package_identification:_identify(/home/user/workspace/lidar_translator) by extensions ['colcon_pkg']
[0.766s] Level 1:colcon.colcon_core.package_identification:_identify(/home/user/workspace/lidar_translator) by extension 'colcon_pkg'
[0.766s] Level 1:colcon.colcon_core.package_identification:_identify(/home/user/workspace/lidar_translator) by extensions ['colcon_meta']
[0.766s] Level 1:colcon.colcon_core.package_identification:_identify(/home/user/workspace/lidar_translator) by extension 'colcon_meta'
[0.766s] Level 1:colcon.colcon_core.package_identification:_identify(/home/user/workspace/lidar_translator) by extensions ['ros']
[0.766s] Level 1:colcon.colcon_core.package_identification:_identify(/home/user/workspace/lidar_translator) by extension 'ros'
[0.777s] Level 1:colcon.colcon_core.package_identification:_identify(/home/user/workspace/lidar_translator) by extensions ['cmake', 'python']
[0.777s] Level 1:colcon.colcon_core.package_identification:_identify(/home/user/workspace/lidar_translator) by extension 'cmake'
[0.777s] Level 1:colcon.colcon_core.package_identification:_identify(/home/user/workspace/lidar_translator) by extension 'python'
[0.777s] Level 1:colcon.colcon_core.package_identification:_identify(/home/user/workspace/lidar_translator) by extensions ['python_setup_py']
[0.777s] Level 1:colcon.colcon_core.package_identification:_identify(/home/user/workspace/lidar_translator) by extension 'python_setup_py'
[0.778s] Level 1:colcon.colcon_core.package_identification:_identify(/home/user/workspace/lidar_translator/build) by extensions ['ignore', 'ignore_ament_install']
[0.778s] Level 1:colcon.colcon_core.package_identification:_identify(/home/user/workspace/lidar_translator/build) by extension 'ignore'
[0.778s] Level 1:colcon.colcon_core.package_identification:_identify(/home/user/workspace/lidar_translator/build) ignored
[0.778s] Level 1:colcon.colcon_core.package_identification:_identify(/home/user/workspace/lidar_translator/install) by extensions ['ignore', 'ignore_ament_install']
[0.778s] Level 1:colcon.colcon_core.package_identification:_identify(/home/user/workspace/lidar_translator/install) by extension 'ignore'
[0.778s] Level 1:colcon.colcon_core.package_identification:_identify(/home/user/workspace/lidar_translator/install) ignored
[0.778s] Level 1:colcon.colcon_core.package_identification:_identify(/home/user/workspace/lidar_translator/log) by extensions ['ignore', 'ignore_ament_install']
[0.778s] Level 1:colcon.colcon_core.package_identification:_identify(/home/user/workspace/lidar_translator/log) by extension 'ignore'
[0.778s] Level 1:colcon.colcon_core.package_identification:_identify(/home/user/workspace/lidar_translator/log) ignored
[0.778s] Level 1:colcon.colcon_core.package_identification:_identify(/home/user/workspace/lidar_translator/src) by extensions ['ignore', 'ignore_ament_install']
[0.778s] Level 1:colcon.colcon_core.package_identification:_identify(/home/user/workspace/lidar_translator/src) by extension 'ignore'
[0.778s] Level 1:colcon.colcon_core.package_identification:_identify(/home/user/workspace/lidar_translator/src) by extension 'ignore_ament_install'
[0.778s] Level 1:colcon.colcon_core.package_identification:_identify(/home/user/workspace/lidar_translator/src) by extensions ['colcon_pkg']
[0.778s] Level 1:colcon.colcon_core.package_identification:_identify(/home/user/workspace/lidar_translator/src) by extension 'colcon_pkg'
[0.778s] Level 1:colcon.colcon_core.package_identification:_identify(/home/user/workspace/lidar_translator/src) by extensions ['colcon_meta']
[0.778s] Level 1:colcon.colcon_core.package_identification:_identify(/home/user/workspace/lidar_translator/src) by extension 'colcon_meta'
[0.778s] Level 1:colcon.colcon_core.package_identification:_identify(/home/user/workspace/lidar_translator/src) by extensions ['ros']
[0.778s] Level 1:colcon.colcon_core.package_identification:_identify(/home/user/workspace/lidar_translator/src) by extension 'ros'
[0.778s] Level 1:colcon.colcon_core.package_identification:_identify(/home/user/workspace/lidar_translator/src) by extensions ['cmake', 'python']
[0.778s] Level 1:colcon.colcon_core.package_identification:_identify(/home/user/workspace/lidar_translator/src) by extension 'cmake'
[0.778s] Level 1:colcon.colcon_core.package_identification:_identify(/home/user/workspace/lidar_translator/src) by extension 'python'
[0.778s] Level 1:colcon.colcon_core.package_identification:_identify(/home/user/workspace/lidar_translator/src) by extensions ['python_setup_py']
[0.778s] Level 1:colcon.colcon_core.package_identification:_identify(/home/user/workspace/lidar_translator/src) by extension 'python_setup_py'
[0.778s] Level 1:colcon.colcon_core.package_identification:_identify(/home/user/workspace/lidar_translator/src/unity_translator) by extensions ['ignore', 'ignore_ament_install']
[0.778s] Level 1:colcon.colcon_core.package_identification:_identify(/home/user/workspace/lidar_translator/src/unity_translator) by extension 'ignore'
[0.778s] Level 1:colcon.colcon_core.package_identification:_identify(/home/user/workspace/lidar_translator/src/unity_translator) by extension 'ignore_ament_install'
[0.778s] Level 1:colcon.colcon_core.package_identification:_identify(/home/user/workspace/lidar_translator/src/unity_translator) by extensions ['colcon_pkg']
[0.778s] Level 1:colcon.colcon_core.package_identification:_identify(/home/user/workspace/lidar_translator/src/unity_translator) by extension 'colcon_pkg'
[0.778s] Level 1:colcon.colcon_core.package_identification:_identify(/home/user/workspace/lidar_translator/src/unity_translator) by extensions ['colcon_meta']
[0.778s] Level 1:colcon.colcon_core.package_identification:_identify(/home/user/workspace/lidar_translator/src/unity_translator) by extension 'colcon_meta'
[0.778s] Level 1:colcon.colcon_core.package_identification:_identify(/home/user/workspace/lidar_translator/src/unity_translator) by extensions ['ros']
[0.778s] Level 1:colcon.colcon_core.package_identification:_identify(/home/user/workspace/lidar_translator/src/unity_translator) by extension 'ros'
[0.780s] DEBUG:colcon.colcon_core.package_identification:Package '/home/user/workspace/lidar_translator/src/unity_translator' with type 'ros.ament_python' and name 'unity_translator'
[0.780s] Level 1:colcon.colcon_core.package_discovery:discover_packages(recursive) using defaults
