running egg_info
writing ../../build/unity_translator/unity_translator.egg-info/PKG-INFO
writing dependency_links to ../../build/unity_translator/unity_translator.egg-info/dependency_links.txt
writing entry points to ../../build/unity_translator/unity_translator.egg-info/entry_points.txt
writing requirements to ../../build/unity_translator/unity_translator.egg-info/requires.txt
writing top-level names to ../../build/unity_translator/unity_translator.egg-info/top_level.txt
[2;36m[10/08/24 14:10:23][0m[2;36m [0m[1;31mERROR   [0m listing git files failed - pretending there aren't any                            ]8;id=236336;file:///home/user/.local/lib/python3.10/site-packages/setuptools_scm/_file_finders/git.py\[2mgit.py[0m]8;;\[2m:[0m]8;id=86740;file:///home/user/.local/lib/python3.10/site-packages/setuptools_scm/_file_finders/git.py#26\[2m26[0m]8;;\
reading manifest file '../../build/unity_translator/unity_translator.egg-info/SOURCES.txt'
writing manifest file '../../build/unity_translator/unity_translator.egg-info/SOURCES.txt'
running build
running build_py
copying unity_translator/__init__.py -> /home/user/workspace/lidar_translator/build/unity_translator/build/lib/unity_translator
copying unity_translator/lidar_translator.py -> /home/user/workspace/lidar_translator/build/unity_translator/build/lib/unity_translator
running install
running install_lib
copying /home/user/workspace/lidar_translator/build/unity_translator/build/lib/unity_translator/lidar_translator.py -> /home/user/workspace/lidar_translator/install/unity_translator/lib/python3.10/site-packages/unity_translator
byte-compiling /home/user/workspace/lidar_translator/install/unity_translator/lib/python3.10/site-packages/unity_translator/lidar_translator.py to lidar_translator.cpython-310.pyc
running install_data
copying resource/unity_translator -> /home/user/workspace/lidar_translator/install/unity_translator/share/ament_index/resource_index/packages
copying package.xml -> /home/user/workspace/lidar_translator/install/unity_translator/share/unity_translator
running install_egg_info
removing '/home/user/workspace/lidar_translator/install/unity_translator/lib/python3.10/site-packages/unity_translator-0.0.0-py3.10.egg-info' (and everything under it)
Copying ../../build/unity_translator/unity_translator.egg-info to /home/user/workspace/lidar_translator/install/unity_translator/lib/python3.10/site-packages/unity_translator-0.0.0-py3.10.egg-info
running install_scripts
Installing lidar_tranlator_node script to /home/user/workspace/lidar_translator/install/unity_translator/lib/unity_translator
writing list of installed files to '/home/user/workspace/lidar_translator/build/unity_translator/install.log'
